<?xml version="1.0" encoding="UTF-8"?>
<beans xmlns="http://www.springframework.org/schema/beans" 
	xmlns:xsi="http://www.w3.org/2001/XMLSchema-instance" xmlns:p="http://www.springframework.org/schema/p"
	xmlns:context="http://www.springframework.org/schema/context"
	xmlns:mvc="http://www.springframework.org/schema/mvc"
	xmlns:tx="http://www.springframework.org/schema/tx"
	xmlns:jdbc="http://www.springframework.org/schema/jdbc"
	xmlns:aop="http://www.springframework.org/schema/aop"
	xsi:schemaLocation="http://www.springframework.org/schema/beans http://www.springframework.org/schema/beans/spring-beans-4.0.xsd
		http://www.springframework.org/schema/context http://www.springframework.org/schema/context/spring-context-4.0.xsd
		http://www.springframework.org/schema/mvc http://www.springframework.org/schema/mvc/spring-mvc-4.0.xsd
		http://www.springframework.org/schema/tx http://www.springframework.org/schema/tx/spring-tx-4.0.xsd
		http://www.springframework.org/schema/jdbc http://www.springframework.org/schema/jdbc/spring-jdbc-4.0.xsd
		http://www.springframework.org/schema/aop http://www.springframework.org/schema/aop/spring-aop-4.0.xsd"
		default-lazy-init="true">

	<description>Spring Configuration</description>

	<!-- 使用Annotation自动注册Bean，解决事物失效问题：在主容器中不扫描@Controller注解，在SpringMvc中只扫描@Controller注解。  -->
	<context:component-scan base-package="com.fise"><!-- base-package 如果多个，用“,”分隔 -->
		<context:exclude-filter type="annotation" expression="org.springframework.stereotype.Controller"/>
	</context:component-scan>

	<!--引入属性文件 -->
	<context:property-placeholder location="classpath:env/jdbc-dev.properties" />
	
	<!-- dataSource 配置 -->
    <bean id="dataSource" class="org.apache.commons.dbcp.BasicDataSource" destroy-method="close">
    	<property name="driverClassName" value="${jdbc.driver}"/>
    	<property name="url" value="${jdbc.url}"/>
    	<property name="username" value="${jdbc.username}"/>
    	<property name="password" value="${jdbc.password}"/>
    	<property name="initialSize" value="${jdbc.initialSize}"/>
    	<property name="maxActive" value="${jdbc.maxActive}"/>
    	<property name="maxIdle" value="${jdbc.maxIdle}"/>
    	<property name="minIdle" value="${jdbc.minIdle}"/>
    	<property name="maxWait" value="${jdbc.maxWait}"/>
    	
    	<property name="timeBetweenEvictionRunsMillis" value="3600000"/>
    	<property name="minEvictableIdleTimeMillis" value="14400000"/>
    </bean>
    
    <bean id="sqlSessionFactory" class="org.mybatis.spring.SqlSessionFactoryBean">
    	<property name="dataSource" ref="dataSource"/>
    	<property name="mapperLocations" value="classpath*:com/fise/mapping/*.xml"/>
    	<property name="typeAliasesPackage" value="com.fise.model.entity"/>
    	<property name="plugins">
    		<array>
    			<bean class="com.fise.framework.interceptor.PageInterceptor">
    				<property name="databaseType" value="mysql"/>
    			</bean>
    		</array>
    	</property>
    	
    	<property name="typeHandlersPackage" value="com.fise.framework.typehandler"/>
    </bean>
    
    <bean class="org.mybatis.spring.mapper.MapperScannerConfigurer">
    	<property name="basePackage" value="com.fise.dao"/>
    	<property name="sqlSessionFactoryBeanName" value="sqlSessionFactory"/>
    </bean>
    
    <bean id="transactionManager" class="org.springframework.jdbc.datasource.DataSourceTransactionManager">
    	<property name="dataSource" ref="dataSource"/>
    </bean>
    
    <tx:advice id="txAdvice" transaction-manager="transactionManager">
    	<tx:attributes>
			<tx:method name="regis*" propagation="REQUIRED" rollback-for="java.lang.Exception" />
			<tx:method name="save*" propagation="REQUIRED" rollback-for="java.lang.Exception" />
			<tx:method name="batch*" propagation="REQUIRED" rollback-for="java.lang.Exception" />
			<tx:method name="create*" propagation="REQUIRED" rollback-for="java.lang.Exception" />
			<tx:method name="post*" propagation="REQUIRED" rollback-for="java.lang.Exception" />
			<tx:method name="insert*" propagation="REQUIRED" rollback-for="java.lang.Exception" />
			<tx:method name="settle*" propagation="REQUIRED" rollback-for="java.lang.Exception" />
			<tx:method name="build*" propagation="REQUIRED" rollback-for="java.lang.Exception" />
			<tx:method name="add*" propagation="REQUIRED" rollback-for="java.lang.Exception" />
			<tx:method name="update*" propagation="REQUIRED" rollback-for="java.lang.Exception" />
			<tx:method name="edit*" propagation="REQUIRED" rollback-for="java.lang.Exception" />
			<tx:method name="del*" propagation="REQUIRED" rollback-for="java.lang.Exception" />
			<tx:method name="remove*" propagation="REQUIRED" rollback-for="java.lang.Exception" />
			<tx:method name="init*" propagation="REQUIRED" rollback-for="java.lang.Exception" />
			<tx:method name="upload*" propagation="REQUIRED" rollback-for="java.lang.Exception" />
			<tx:method name="gernate*" propagation="REQUIRES_NEW" rollback-for="java.lang.Exception" />
    		<tx:method name="*" read-only="true"/>
		</tx:attributes>
    </tx:advice>
    
    <aop:config proxy-target-class="true">
    	<aop:pointcut expression="execution(* com.fise.server..*.*(..))" id="interceptorPointCuts"/>
    	<aop:advisor advice-ref="txAdvice" pointcut-ref="interceptorPointCuts"/>
    </aop:config>

	<!-- 配置使Spring采用CGLIB代理 -->
	<aop:aspectj-autoproxy proxy-target-class="true" />
	
	<!-- 配置 Annotation 驱动，扫描@Transactional注解的类定义事务  -->
	<!-- <tx:annotation-driven transaction-manager="transactionManager" proxy-target-class="true"/> -->
</beans>
